Sender: LSF System <lsfadmin@c10n06>
Subject: Job 173151: <testsc> in cluster <hpcluster1> Done

Job <testsc> was submitted from host <h01> by user <yangsc> in cluster <hpcluster1> at Mon Nov 25 15:28:32 2019
Job was executed on host(s) <8*c10n06>, in queue <gold2>, as user <yangsc> in cluster <hpcluster1> at Mon Nov 25 15:28:32 2019
</share/home/yangsc> was used as the home directory.
</share/home/yangsc/Documents/parallel_test> was used as the working directory.
Started at Mon Nov 25 15:28:32 2019
Terminated at Mon Nov 25 15:29:00 2019
Results reported at Mon Nov 25 15:29:00 2019

Your job looked like:

------------------------------------------------------------
# LSBATCH: User input
#BSUB -J testsc
#BSUB -q gold2
#BSUB -n 8
#BSUB -o %J.out
#BSUB -e %J.err
#BSUB -a python 
#BSUB -R span[ptile=8]
python ./testsc.py

------------------------------------------------------------

Successfully completed.

Resource usage summary:

    CPU time :                                   85.98 sec.
    Max Memory :                                 16088 MB
    Average Memory :                             12070.50 MB
    Total Requested Memory :                     -
    Delta Memory :                               -
    Max Swap :                                   -
    Max Processes :                              44
    Max Threads :                                360
    Run time :                                   27 sec.
    Turnaround time :                            28 sec.

The output (if any) follows:

cores = 40
8
One core costs 13.21s
Multi cores cost 10.78s


PS:

Read file <173151.err> for stderr output of this job.

